<?xml version="1.0" encoding="utf-8"?><testsuites name="pytest tests"><testsuite name="pytest" errors="0" failures="0" skipped="0" tests="16" time="3.365" timestamp="2026-04-29T21:45:06.124746+00:00" hostname="agent-env-b9e1c719-c148-458b-bf65-eabd13ace116"><testcase classname="backend.tests.test_pipeline_iter6" name="test_login_admin" time="0.466" /><testcase classname="backend.tests.test_pipeline_iter6" name="test_pipeline_list_returns_seeded" time="0.061" /><testcase classname="backend.tests.test_pipeline_iter6" name="test_pipeline_summary_shape" time="0.057" /><testcase classname="backend.tests.test_pipeline_iter6" name="test_create_pipeline_with_all_brd_fields" time="0.113" /><testcase classname="backend.tests.test_pipeline_iter6" name="test_update_pipeline" time="0.084" /><testcase classname="backend.tests.test_pipeline_iter6" name="test_advance_pipeline_stages" time="0.215" /><testcase classname="backend.tests.test_pipeline_iter6" name="test_close_won_sets_pending_finance" time="0.055" /><testcase classname="backend.tests.test_pipeline_iter6" name="test_approve_handoff_forbidden_for_non_finance" time="0.751" /><testcase classname="backend.tests.test_pipeline_iter6" name="test_approve_handoff_creates_project" time="0.246" /><testcase classname="backend.tests.test_pipeline_iter6" name="test_approve_handoff_already_processed_400" time="0.055" /><testcase classname="backend.tests.test_pipeline_iter6" name="test_reject_handoff_does_not_create_project" time="0.335" /><testcase classname="backend.tests.test_pipeline_iter6" name="test_close_lost_no_handoff" time="0.218" /><testcase classname="backend.tests.test_pipeline_iter6" name="test_approve_handoff_open_opp_400" time="0.156" /><testcase classname="backend.tests.test_pipeline_iter6" name="test_upload_document_requires_name" time="0.230" /><testcase classname="backend.tests.test_pipeline_iter6" name="test_dashboard_summary_top10" time="0.061" /><testcase classname="backend.tests.test_pipeline_iter6" name="test_zz_cleanup" time="0.158" /></testsuite></testsuites>