<?xml version="1.0" encoding="utf-8"?><testsuites name="pytest tests"><testsuite name="pytest" errors="0" failures="0" skipped="0" tests="16" time="5.476" timestamp="2026-04-25T18:08:36.969146+00:00" hostname="agent-env-cd7e0f35-33e2-4959-a40a-7c54cd2124e4"><testcase classname="backend.tests.test_sap_iter3" name="test_template_download" time="0.527" /><testcase classname="backend.tests.test_sap_iter3" name="test_template_download_unauth" time="0.119" /><testcase classname="backend.tests.test_sap_iter3" name="test_parse_excel_no_wbs" time="0.720" /><testcase classname="backend.tests.test_sap_iter3" name="test_parse_excel_with_wbs" time="0.613" /><testcase classname="backend.tests.test_sap_iter3" name="test_parse_excel_non_xlsx" time="0.048" /><testcase classname="backend.tests.test_sap_iter3" name="test_sap_upload_revenue" time="0.836" /><testcase classname="backend.tests.test_sap_iter3" name="test_sap_upload_cost" time="1.469" /><testcase classname="backend.tests.test_sap_iter3" name="test_sap_upload_unknown_pid" time="0.113" /><testcase classname="backend.tests.test_sap_iter3" name="test_sap_upload_non_xlsx" time="0.050" /><testcase classname="backend.tests.test_sap_iter3" name="test_sap_upload_unauth" time="0.190" /><testcase classname="backend.tests.test_sap_iter3" name="test_customer_delete_blocked_when_linked" time="0.110" /><testcase classname="backend.tests.test_sap_iter3" name="test_customer_delete_ok_when_no_links" time="0.103" /><testcase classname="backend.tests.test_sap_iter3" name="test_project_delete_cascade" time="0.332" /><testcase classname="backend.tests.test_sap_iter3" name="test_parse_pdf_regression" time="0.053" /><testcase classname="backend.tests.test_sap_iter3" name="test_notifications_status" time="0.053" /><testcase classname="backend.tests.test_sap_iter3" name="test_transition_endpoint_exists" time="0.050" /></testsuite></testsuites>