<?xml version="1.0" encoding="utf-8"?><testsuites name="pytest tests"><testsuite name="pytest" errors="0" failures="0" skipped="0" tests="15" time="6.928" timestamp="2026-04-25T18:29:50.982315+00:00" hostname="agent-env-cd7e0f35-33e2-4959-a40a-7c54cd2124e4"><testcase classname="backend.tests.test_sap_iter5.TestSapUndoRevenue" name="test_initial_no_batch" time="0.632" /><testcase classname="backend.tests.test_sap_iter5.TestSapUndoRevenue" name="test_undo_when_no_batch_returns_404" time="0.050" /><testcase classname="backend.tests.test_sap_iter5.TestSapUndoRevenue" name="test_upload_returns_batch_id_and_persists" time="0.999" /><testcase classname="backend.tests.test_sap_iter5.TestSapUndoRevenue" name="test_undo_deletes_only_that_batch" time="0.300" /><testcase classname="backend.tests.test_sap_iter5.TestSapUndoRevenue" name="test_undo_idempotent_404" time="0.057" /><testcase classname="backend.tests.test_sap_iter5.TestSapUndoCost" name="test_initial_no_batch" time="0.052" /><testcase classname="backend.tests.test_sap_iter5.TestSapUndoCost" name="test_upload_then_undo_round_trip" time="1.782" /><testcase classname="backend.tests.test_sap_iter5.TestMultiBatchIsolation" name="test_two_batches_only_latest_undone" time="1.739" /><testcase classname="backend.tests.test_sap_iter5.TestSapUndoValidation" name="test_invalid_kind_rejected" time="0.096" /><testcase classname="backend.tests.test_sap_iter5.TestSapUndoValidation" name="test_unknown_project_undo_404" time="0.052" /><testcase classname="backend.tests.test_sap_iter5.TestSapUndoValidation" name="test_unauth_blocked" time="0.245" /><testcase classname="backend.tests.test_sap_iter5.TestRegression" name="test_template_download" time="0.060" /><testcase classname="backend.tests.test_sap_iter5.TestRegression" name="test_parse_excel_with_wbs" time="0.618" /><testcase classname="backend.tests.test_sap_iter5.TestRegression" name="test_parse_pdf_rejects_non_pdf" time="0.045" /><testcase classname="backend.tests.test_sap_iter5.TestRegression" name="test_customer_delete_blocked_when_linked" time="0.094" /></testsuite></testsuites>