<?xml version="1.0" encoding="utf-8"?><testsuites name="pytest tests"><testsuite name="pytest" errors="0" failures="2" skipped="2" tests="15" time="2.803" timestamp="2026-04-25T14:30:03.836395+00:00" hostname="agent-env-37a9483b-f258-401a-afdf-0d2f92161e9a"><testcase classname="backend.tests.test_phase3_settings.TestSettings" name="test_get_settings_default" time="0.634" /><testcase classname="backend.tests.test_phase3_settings.TestSettings" name="test_put_settings_admin_success" time="0.420" /><testcase classname="backend.tests.test_phase3_settings.TestSettings" name="test_put_settings_invalid_inr_negative" time="0.133" /><testcase classname="backend.tests.test_phase3_settings.TestSettings" name="test_put_settings_invalid_inr_zero" time="0.176" /><testcase classname="backend.tests.test_phase3_settings.TestSettings" name="test_put_settings_invalid_inr_string" time="0.115" /><testcase classname="backend.tests.test_phase3_settings.TestSettings" name="test_put_settings_invalid_currency" time="0.113" /><testcase classname="backend.tests.test_phase3_settings.TestSettings" name="test_put_settings_non_admin_forbidden" time="0.110"><skipped type="pytest.skip" message="cannot create test sales user: 422 {&quot;detail&quot;:[{&quot;type&quot;:&quot;missing&quot;,&quot;loc&quot;:[&quot;body&quot;,&quot;name&quot;],&quot;msg&quot;:&quot;Field required&quot;,&quot;input&quot;:{&quot;email&quot;:&quot;TEST_phase3_sales@crackerpro.com&quot;,&quot;password&quot;:&quot;Sales@123&quot;,&quot;full_name&quot;:&quot;TEST Sales&quot;,&quot;role&quot;:&quot;sales&quot;},&quot;url&quot;:&quot;https://errors.pydantic.dev/2.12/v/missing&quot;}]}">/app/backend/tests/test_phase3_settings.py:91: cannot create test sales user: 422 {"detail":[{"type":"missing","loc":["body","name"],"msg":"Field required","input":{"email":"TEST_phase3_sales@crackerpro.com","password":"Sales@123","full_name":"TEST Sales","role":"sales"},"url":"https://errors.pydantic.dev/2.12/v/missing"}]}</skipped></testcase><testcase classname="backend.tests.test_phase3_settings.TestSettings" name="test_get_settings_non_admin_allowed" time="0.000"><skipped type="pytest.skip" message="cannot create test sales user: 422 {&quot;detail&quot;:[{&quot;type&quot;:&quot;missing&quot;,&quot;loc&quot;:[&quot;body&quot;,&quot;name&quot;],&quot;msg&quot;:&quot;Field required&quot;,&quot;input&quot;:{&quot;email&quot;:&quot;TEST_phase3_sales@crackerpro.com&quot;,&quot;password&quot;:&quot;Sales@123&quot;,&quot;full_name&quot;:&quot;TEST Sales&quot;,&quot;role&quot;:&quot;sales&quot;},&quot;url&quot;:&quot;https://errors.pydantic.dev/2.12/v/missing&quot;}]}">/app/backend/tests/test_phase3_settings.py:96: cannot create test sales user: 422 {"detail":[{"type":"missing","loc":["body","name"],"msg":"Field required","input":{"email":"TEST_phase3_sales@crackerpro.com","password":"Sales@123","full_name":"TEST Sales","role":"sales"},"url":"https://errors.pydantic.dev/2.12/v/missing"}]}</skipped></testcase><testcase classname="backend.tests.test_phase3_settings.TestSettings" name="test_settings_unauth" time="0.118" /><testcase classname="backend.tests.test_phase3_settings.TestRegressionSmoke" name="test_dashboard" time="0.120"><failure message="assert 404 == 200&#10; +  where 404 = &lt;Response [404]&gt;.status_code">backend/tests/test_phase3_settings.py:110: in test_dashboard
    assert r.status_code == 200
E   assert 404 == 200
E    +  where 404 = &lt;Response [404]&gt;.status_code</failure></testcase><testcase classname="backend.tests.test_phase3_settings.TestRegressionSmoke" name="test_projects_list" time="0.148" /><testcase classname="backend.tests.test_phase3_settings.TestRegressionSmoke" name="test_customers_list" time="0.106" /><testcase classname="backend.tests.test_phase3_settings.TestRegressionSmoke" name="test_audit_list" time="0.107" /><testcase classname="backend.tests.test_phase3_settings.TestRegressionSmoke" name="test_admin_users_list" time="0.168" /><testcase classname="backend.tests.test_phase3_settings.TestRegressionSmoke" name="test_approval_matrix" time="0.109"><failure message="assert 404 == 200&#10; +  where 404 = &lt;Response [404]&gt;.status_code">backend/tests/test_phase3_settings.py:136: in test_approval_matrix
    assert r.status_code == 200
E   assert 404 == 200
E    +  where 404 = &lt;Response [404]&gt;.status_code</failure></testcase></testsuite></testsuites>