<?xml version="1.0" encoding="utf-8"?><testsuites name="pytest tests"><testsuite name="pytest" errors="0" failures="0" skipped="0" tests="13" time="3.596" timestamp="2026-04-25T13:46:03.416131+00:00" hostname="agent-env-37a9483b-f258-401a-afdf-0d2f92161e9a"><testcase classname="backend.tests.test_phase2.TestQueries" name="test_create_list_query" time="0.883" /><testcase classname="backend.tests.test_phase2.TestQueries" name="test_reply_to_open_query" time="0.322" /><testcase classname="backend.tests.test_phase2.TestQueries" name="test_close_query_and_reply_rejected" time="0.290" /><testcase classname="backend.tests.test_phase2.TestQueries" name="test_create_query_invalid_project" time="0.109" /><testcase classname="backend.tests.test_phase2.TestCustomerProfile" name="test_profile_structure" time="0.314" /><testcase classname="backend.tests.test_phase2.TestCustomerProfile" name="test_profile_404" time="0.138" /><testcase classname="backend.tests.test_phase2.TestDocuments" name="test_upload_non_pdf_no_parse" time="0.108" /><testcase classname="backend.tests.test_phase2.TestDocuments" name="test_upload_pdf_with_parse" time="0.173" /><testcase classname="backend.tests.test_phase2.TestDocuments" name="test_upload_pdf_no_parse_returns_null" time="0.132" /><testcase classname="backend.tests.test_phase2.TestDocuments" name="test_list_documents" time="0.102" /><testcase classname="backend.tests.test_phase2.TestDocuments" name="test_download_document" time="0.113" /><testcase classname="backend.tests.test_phase2.TestDocuments" name="test_apply_extracted_with_empty_project" time="0.417" /><testcase classname="backend.tests.test_phase2.TestDocuments" name="test_delete_document" time="0.340" /></testsuite></testsuites>