<?xml version="1.0" encoding="utf-8"?><testsuites name="pytest tests"><testsuite name="pytest" errors="0" failures="0" skipped="2" tests="25" time="7.857" timestamp="2026-04-25T12:56:12.458904+00:00" hostname="agent-env-37a9483b-f258-401a-afdf-0d2f92161e9a"><testcase classname="backend.tests.test_crackerpro.TestAuth" name="test_login_admin_success" time="0.487" /><testcase classname="backend.tests.test_crackerpro.TestAuth" name="test_login_invalid_password" time="0.336" /><testcase classname="backend.tests.test_crackerpro.TestAuth" name="test_me_endpoint" time="0.429" /><testcase classname="backend.tests.test_crackerpro.TestAuth" name="test_me_unauthenticated" time="0.120" /><testcase classname="backend.tests.test_crackerpro.TestDashboard" name="test_summary_structure" time="0.128" /><testcase classname="backend.tests.test_crackerpro.TestMasters" name="test_list_customers" time="0.117" /><testcase classname="backend.tests.test_crackerpro.TestMasters" name="test_list_employees" time="0.113" /><testcase classname="backend.tests.test_crackerpro.TestMasters" name="test_list_suppliers" time="0.106" /><testcase classname="backend.tests.test_crackerpro.TestMasters" name="test_customer_crud" time="0.319" /><testcase classname="backend.tests.test_crackerpro.TestProjects" name="test_list_projects_seeded" time="0.093" /><testcase classname="backend.tests.test_crackerpro.TestProjects" name="test_filter_by_stage_and_search" time="0.200" /><testcase classname="backend.tests.test_crackerpro.TestProjects" name="test_get_one_project" time="0.216" /><testcase classname="backend.tests.test_crackerpro.TestProjects" name="test_create_update_project" time="0.420" /><testcase classname="backend.tests.test_crackerpro.TestProjects" name="test_transition_creates_low_margin_approval" time="0.108"><skipped type="pytest.skip" message="No low-margin Deal P&amp;L project to test approval rule">/app/backend/tests/test_crackerpro.py:164: No low-margin Deal P&amp;L project to test approval rule</skipped></testcase><testcase classname="backend.tests.test_crackerpro.TestLines" name="test_revenue_and_cost_lines" time="0.544" /><testcase classname="backend.tests.test_crackerpro.TestExcel" name="test_template_download" time="0.166" /><testcase classname="backend.tests.test_crackerpro.TestExcel" name="test_upload_customer_excel" time="0.561" /><testcase classname="backend.tests.test_crackerpro.TestExcel" name="test_upload_with_numeric_phone_and_listing" time="0.452" /><testcase classname="backend.tests.test_crackerpro.TestApprovals" name="test_list_rules" time="0.102" /><testcase classname="backend.tests.test_crackerpro.TestApprovals" name="test_rule_crud" time="0.581" /><testcase classname="backend.tests.test_crackerpro.TestApprovals" name="test_approve_pending_request" time="0.099"><skipped type="pytest.skip" message="No pending requests to approve">/app/backend/tests/test_crackerpro.py:296: No pending requests to approve</skipped></testcase><testcase classname="backend.tests.test_crackerpro.TestAudit" name="test_audit_listing" time="0.101" /><testcase classname="backend.tests.test_crackerpro.TestAudit" name="test_audit_filter_entity" time="0.112" /><testcase classname="backend.tests.test_crackerpro.TestAdminUsers" name="test_create_user_and_reset" time="1.205" /><testcase classname="backend.tests.test_crackerpro.TestBruteForce" name="test_lockout_after_repeated_attempts" time="0.634" /></testsuite></testsuites>